ZONA: ZONA 10 (ORIENTE)/CHIPAQUE | POSTE: #41 | CANTIDAD FOTOS: 3 (Crítico: < 4)
ZONA/SUBZONA: ZONA 10 (ORIENTE)/CHIPAQUE | POSTE: #41 | CANTIDAD FOTOS: 3 (Crítico: < 4)
ZONA/SUBZONA: ZONA 10 (ORIENTE)/CHIPAQUE | POSTE: #65 | CANTIDAD FOTOS: 3 (Crítico: < 4)
ZONA/SUBZONA: ZONA 10 (ORIENTE)/CHIPAQUE | POSTE: #86 | CANTIDAD FOTOS: 3 (Crítico: < 4)
ZONA/SUBZONA: ZONA 10 (ORIENTE)/CHIPAQUE | POSTE: #341 | CANTIDAD FOTOS: 3 (Crítico: < 4)
ZONA/SUBZONA: ZONA 10 (ORIENTE)/CHIPAQUE | POSTE: #383 | CANTIDAD FOTOS: 3 (Crítico: < 4)
ZONA/SUBZONA: ZONA 10 (ORIENTE)/CHIPAQUE | POSTE: #396 | CANTIDAD FOTOS: 3 (Crítico: < 4)
ZONA/SUBZONA: ZONA 10 (ORIENTE)/CHIPAQUE | POSTE: #479 | CANTIDAD FOTOS: 3 (Crítico: < 4)
ZONA/SUBZONA: ZONA 10 (ORIENTE)/CHIPAQUE | POSTE: #480 | CANTIDAD FOTOS: 1 (Crítico: < 4)
ZONA/SUBZONA: ZONA 10 (ORIENTE)/CHIPAQUE | POSTE: #481 | CANTIDAD FOTOS: 2 (Crítico: < 4)
ZONA/SUBZONA: ZONA 10 (ORIENTE)/CHIPAQUE | POSTE: #493 | CANTIDAD FOTOS: 2 (Crítico: < 4)
ZONA/SUBZONA: ZONA 10 (ORIENTE)/CHIPAQUE | POSTE: #495 | CANTIDAD FOTOS: 2 (Crítico: < 4)
ZONA/SUBZONA: ZONA 10 (ORIENTE)/CHIPAQUE | POSTE: #496 | CANTIDAD FOTOS: 2 (Crítico: < 4)
ZONA/SUBZONA: ZONA 10 (ORIENTE)/CHIPAQUE | POSTE: #498 | CANTIDAD FOTOS: 1 (Crítico: < 4)
ZONA/SUBZONA: ZONA 10 (ORIENTE)/CHIPAQUE | POSTE: #499 | CANTIDAD FOTOS: 2 (Crítico: < 4)
ZONA/SUBZONA: ZONA 10 (ORIENTE)/CHIPAQUE | POSTE: #507 | CANTIDAD FOTOS: 3 (Crítico: < 4)
ZONA/SUBZONA: ZONA 10 (ORIENTE)/CHIPAQUE | POSTE: #508 | CANTIDAD FOTOS: 1 (Crítico: < 4)
ZONA/SUBZONA: ZONA 10 (ORIENTE)/CHIPAQUE | POSTE: #509 | CANTIDAD FOTOS: 1 (Crítico: < 4)
ZONA/SUBZONA: ZONA 10 (ORIENTE)/HUMEA | POSTE: #33 | CANTIDAD FOTOS: 3 (Crítico: < 4)
ZONA/SUBZONA: ZONA 10 (ORIENTE)/HUMEA | POSTE: #138 | CANTIDAD FOTOS: 2 (Crítico: < 4)
ZONA/SUBZONA: ZONA 10 (ORIENTE)/CHIPAQUE | POSTE: #55 | CANTIDAD FOTOS: 3 (Crítico: < 4)
ZONA/SUBZONA: ZONA 10 (ORIENTE)/CHIPAQUE | POSTE: #290 | CANTIDAD FOTOS: 3 (Crítico: < 4)
ZONA/SUBZONA: ZONA 10 (ORIENTE)/CHIPAQUE | POSTE: #336 | CANTIDAD FOTOS: 1 (Crítico: < 4)
ZONA/SUBZONA: ZONA 10 (ORIENTE)/CHIPAQUE | POSTE: #337 | CANTIDAD FOTOS: 1 (Crítico: < 4)
ZONA/SUBZONA: ZONA 10 (ORIENTE)/CHIPAQUE | POSTE: #511 | CANTIDAD FOTOS: 3 (Crítico: < 4)
ZONA/SUBZONA: ZONA 10 (ORIENTE)/CHIPAQUE | POSTE: #41 | CANTIDAD FOTOS: 3 (Crítico)
ZONA/SUBZONA: ZONA 10 (ORIENTE)/CHIPAQUE | POSTE: #65 | CANTIDAD FOTOS: 3 (Crítico)
ZONA/SUBZONA: ZONA 10 (ORIENTE)/CHIPAQUE | POSTE: #86 | CANTIDAD FOTOS: 3 (Crítico)
ZONA/SUBZONA: ZONA 10 (ORIENTE)/CHIPAQUE | POSTE: #341 | CANTIDAD FOTOS: 3 (Crítico)
ZONA/SUBZONA: ZONA 10 (ORIENTE)/CHIPAQUE | POSTE: #383 | CANTIDAD FOTOS: 3 (Crítico)
ZONA/SUBZONA: ZONA 10 (ORIENTE)/CHIPAQUE | POSTE: #420 | CANTIDAD FOTOS: 3 (Crítico)
ZONA/SUBZONA: ZONA 10 (ORIENTE)/CHIPAQUE | POSTE: #454 | CANTIDAD FOTOS: 3 (Crítico)
ZONA/SUBZONA: ZONA 10 (ORIENTE)/CHIPAQUE | POSTE: #490 | CANTIDAD FOTOS: 2 (Crítico)
ZONA/SUBZONA: ZONA 10 (ORIENTE)/CHIPAQUE | POSTE: #502 | CANTIDAD FOTOS: 3 (Crítico)
ZONA/SUBZONA: ZONA 10 (ORIENTE)/CHIPAQUE | POSTE: #503 | CANTIDAD FOTOS: 3 (Crítico)
ZONA/SUBZONA: ZONA 10 (ORIENTE)/CHIPAQUE | POSTE: #506 | CANTIDAD FOTOS: 2 (Crítico)
ZONA/SUBZONA: ZONA 10 (ORIENTE)/CHIPAQUE | POSTE: #507 | CANTIDAD FOTOS: 2 (Crítico)
ZONA/SUBZONA: ZONA 10 (ORIENTE)/CHIPAQUE | POSTE: #508 | CANTIDAD FOTOS: 2 (Crítico)
ZONA/SUBZONA: ZONA 10 (ORIENTE)/CHIPAQUE | POSTE: #509 | CANTIDAD FOTOS: 2 (Crítico)
ZONA/SUBZONA: ZONA 10 (ORIENTE)/CHIPAQUE | POSTE: #510 | CANTIDAD FOTOS: 2 (Crítico)
ZONA/SUBZONA: ZONA 10 (ORIENTE)/CHIPAQUE | POSTE: #512 | CANTIDAD FOTOS: 2 (Crítico)
ZONA/SUBZONA: ZONA 10 (ORIENTE)/CHIPAQUE | POSTE: #521 | CANTIDAD FOTOS: 3 (Crítico)
ZONA/SUBZONA: ZONA 10 (ORIENTE)/CHIPAQUE | POSTE: #522 | CANTIDAD FOTOS: 1 (Crítico)
ZONA/SUBZONA: ZONA 10 (ORIENTE)/CHIPAQUE | POSTE: #523 | CANTIDAD FOTOS: 1 (Crítico)
ZONA/SUBZONA: ZONA 10 (ORIENTE)/CHIPAQUE | POSTE: #536 | CANTIDAD FOTOS: 3 (Crítico)
ZONA/SUBZONA: ZONA 10 (ORIENTE)/HUMEA | POSTE: #33 | CANTIDAD FOTOS: 3 (Crítico)
ZONA/SUBZONA: ZONA 10 (ORIENTE)/HUMEA | POSTE: #139 | CANTIDAD FOTOS: 2 (Crítico)
ZONA/SUBZONA: ZONA 10 (ORIENTE)/HUMEA | POSTE: #289 | CANTIDAD FOTOS: 1 (Crítico)
ZONA/SUBZONA: ZONA 10 (ORIENTE)/HUMEA | POSTE: #321 | CANTIDAD FOTOS: 3 (Crítico)
ZONA/SUBZONA: ZONA 10 (ORIENTE)/HUMEA | POSTE: #490 | CANTIDAD FOTOS: 1 (Crítico)
ZONA/SUBZONA: ZONA 10 (ORIENTE)/CHIPAQUE | POSTE: #57 | CANTIDAD FOTOS: 3 (Crítico)
ZONA/SUBZONA: ZONA 10 (ORIENTE)/CHIPAQUE | POSTE: #63 | CANTIDAD FOTOS: 2 (Crítico)
ZONA/SUBZONA: ZONA 10 (ORIENTE)/CHIPAQUE | POSTE: #41 | CANTIDAD FOTOS: 3 (Crítico)
ZONA/SUBZONA: ZONA 10 (ORIENTE)/CHIPAQUE | POSTE: #41 | CANTIDAD FOTOS: 3 (Crítico)
ZONA/SUBZONA: ZONA 10 (ORIENTE)/CHIPAQUE | POSTE: #86 | CANTIDAD FOTOS: 3 (Crítico)
ZONA/SUBZONA: ZONA 10 (ORIENTE)/CHIPAQUE | POSTE: #341 | CANTIDAD FOTOS: 3 (Crítico)
ZONA/SUBZONA: ZONA 10 (ORIENTE)/CHIPAQUE | POSTE: #383 | CANTIDAD FOTOS: 3 (Crítico)
ZONA/SUBZONA: ZONA 10 (ORIENTE)/CHIPAQUE | POSTE: #420 | CANTIDAD FOTOS: 3 (Crítico)
ZONA/SUBZONA: ZONA 10 (ORIENTE)/CHIPAQUE | POSTE: #454 | CANTIDAD FOTOS: 3 (Crítico)
ZONA/SUBZONA: ZONA 10 (ORIENTE)/CHIPAQUE | POSTE: #490 | CANTIDAD FOTOS: 2 (Crítico)
ZONA/SUBZONA: ZONA 10 (ORIENTE)/CHIPAQUE | POSTE: #502 | CANTIDAD FOTOS: 3 (Crítico)
ZONA/SUBZONA: ZONA 10 (ORIENTE)/CHIPAQUE | POSTE: #503 | CANTIDAD FOTOS: 3 (Crítico)
ZONA/SUBZONA: ZONA 10 (ORIENTE)/CHIPAQUE | POSTE: #506 | CANTIDAD FOTOS: 2 (Crítico)
ZONA/SUBZONA: ZONA 10 (ORIENTE)/CHIPAQUE | POSTE: #507 | CANTIDAD FOTOS: 2 (Crítico)
ZONA/SUBZONA: ZONA 10 (ORIENTE)/CHIPAQUE | POSTE: #508 | CANTIDAD FOTOS: 2 (Crítico)
ZONA/SUBZONA: ZONA 10 (ORIENTE)/CHIPAQUE | POSTE: #509 | CANTIDAD FOTOS: 1 (Crítico)
ZONA/SUBZONA: ZONA 10 (ORIENTE)/CHIPAQUE | POSTE: #510 | CANTIDAD FOTOS: 2 (Crítico)
ZONA/SUBZONA: ZONA 10 (ORIENTE)/CHIPAQUE | POSTE: #512 | CANTIDAD FOTOS: 2 (Crítico)
ZONA/SUBZONA: ZONA 10 (ORIENTE)/CHIPAQUE | POSTE: #521 | CANTIDAD FOTOS: 2 (Crítico)
ZONA/SUBZONA: ZONA 10 (ORIENTE)/CHIPAQUE | POSTE: #522 | CANTIDAD FOTOS: 1 (Crítico)
ZONA/SUBZONA: ZONA 10 (ORIENTE)/CHIPAQUE | POSTE: #523 | CANTIDAD FOTOS: 1 (Crítico)
ZONA/SUBZONA: ZONA 10 (ORIENTE)/HUMEA | POSTE: #139 | CANTIDAD FOTOS: 2 (Crítico)
ZONA/SUBZONA: ZONA 10 (ORIENTE)/HUMEA | POSTE: #289 | CANTIDAD FOTOS: 1 (Crítico)
ZONA/SUBZONA: ZONA 10 (ORIENTE)/HUMEA | POSTE: #490 | CANTIDAD FOTOS: 1 (Crítico)
ZONA/SUBZONA: ZONA 10 (ORIENTE)/CHIPAQUE | POSTE: #621 | CANTIDAD FOTOS: 3 (Crítico)
ZONA/SUBZONA: ZONA 10 (ORIENTE)/CHIPAQUE | POSTE: #860 | CANTIDAD FOTOS: 3 (Crítico)
ZONA/SUBZONA: ZONA 10 (ORIENTE)/CHIPAQUE | POSTE: #906 | CANTIDAD FOTOS: 1 (Crítico)
ZONA/SUBZONA: ZONA 10 (ORIENTE)/CHIPAQUE | POSTE: #907 | CANTIDAD FOTOS: 1 (Crítico)
ZONA/SUBZONA: ZONA 10 (ORIENTE)/CHIPAQUE | POSTE: #1085 | CANTIDAD FOTOS: 3 (Crítico)
ZONA/SUBZONA: ZONA 10 (ORIENTE)/CHIPAQUE | POSTE: #1168 | CANTIDAD FOTOS: 2 (Crítico)
ZONA/SUBZONA: ZONA 10 (ORIENTE)/CHIPAQUE | POSTE: #1178 | CANTIDAD FOTOS: 3 (Crítico)
ZONA/SUBZONA: ZONA 10 (ORIENTE)/HUMEA | POSTE: #498 | CANTIDAD FOTOS: 3 (Crítico)
ZONA/SUBZONA: ZONA 11/CTO CACHIPAY | POSTE: #14 | CANTIDAD FOTOS: 2 (Crítico)
ZONA/SUBZONA: ZONA 11/CTO CACHIPAY | POSTE: #34 | CANTIDAD FOTOS: 3 (Crítico)
ZONA/SUBZONA: ZONA 11/CTO CACHIPAY | POSTE: #62 | CANTIDAD FOTOS: 3 (Crítico)
ZONA/SUBZONA: ZONA 11/CTO CACHIPAY | POSTE: #104 | CANTIDAD FOTOS: 3 (Crítico)
ZONA/SUBZONA: ZONA 11/CTO CACHIPAY | POSTE: #122 | CANTIDAD FOTOS: 2 (Crítico)
ZONA/SUBZONA: ZONA 11/CTO CACHIPAY | POSTE: #151 | CANTIDAD FOTOS: 3 (Crítico)
ZONA/SUBZONA: ZONA 11/PALMAR | POSTE: #5 | CANTIDAD FOTOS: 3 (Crítico)
ZONA/SUBZONA: ZONA 11/PALMAR | POSTE: #6 | CANTIDAD FOTOS: 3 (Crítico)
ZONA/SUBZONA: ZONA 11/PALMAR | POSTE: #8 | CANTIDAD FOTOS: 1 (Crítico)
ZONA/SUBZONA: ZONA 11/PALMAR | POSTE: #16 | CANTIDAD FOTOS: 3 (Crítico)
ZONA/SUBZONA: ZONA 11/PALMAR | POSTE: #22 | CANTIDAD FOTOS: 2 (Crítico)
ZONA/SUBZONA: ZONA 11/PALMAR | POSTE: #26 | CANTIDAD FOTOS: 3 (Crítico)
ZONA/SUBZONA: ZONA 11/PALMAR | POSTE: #42 | CANTIDAD FOTOS: 2 (Crítico)
ZONA/SUBZONA: ZONA 11/PALMAR | POSTE: #44 | CANTIDAD FOTOS: 1 (Crítico)
ZONA/SUBZONA: ZONA 11/PALMAR | POSTE: #49 | CANTIDAD FOTOS: 2 (Crítico)
ZONA/SUBZONA: ZONA 11/PALMAR | POSTE: #52 | CANTIDAD FOTOS: 3 (Crítico)
ZONA/SUBZONA: ZONA 11/PALMAR | POSTE: #54 | CANTIDAD FOTOS: 3 (Crítico)
ZONA/SUBZONA: ZONA 11/PALMAR | POSTE: #58 | CANTIDAD FOTOS: 2 (Crítico)
ZONA/SUBZONA: ZONA 11/PALMAR | POSTE: #59 | CANTIDAD FOTOS: 3 (Crítico)
ZONA/SUBZONA: ZONA 11/PALMAR | POSTE: #60 | CANTIDAD FOTOS: 1 (Crítico)
ZONA/SUBZONA: ZONA 11/PALMAR | POSTE: #66 | CANTIDAD FOTOS: 2 (Crítico)
ZONA/SUBZONA: ZONA 11/PALMAR | POSTE: #81 | CANTIDAD FOTOS: 2 (Crítico)
ZONA/SUBZONA: ZONA 11/PALMAR | POSTE: #87 | CANTIDAD FOTOS: 3 (Crítico)
ZONA/SUBZONA: ZONA 11/PALMAR | POSTE: #91 | CANTIDAD FOTOS: 1 (Crítico)
ZONA/SUBZONA: ZONA 11/PALMAR | POSTE: #105 | CANTIDAD FOTOS: 2 (Crítico)
ZONA/SUBZONA: ZONA 11/CACHIMBULO | POSTE: #102 | CANTIDAD FOTOS: 1 (Crítico)
ZONA/SUBZONA: ZONA 11/CTO CACHIPAY | POSTE: #233 | CANTIDAD FOTOS: 1 (Crítico)
ZONA/SUBZONA: ZONA 9/SUMAPAZ | POSTE: #6 | CANTIDAD FOTOS: 2 (Crítico)
ZONA/SUBZONA: ZONA 9/SUMAPAZ | POSTE: #7 | CANTIDAD FOTOS: 2 (Crítico)
ZONA/SUBZONA: ZONA 9/SUMAPAZ | POSTE: #9 | CANTIDAD FOTOS: 1 (Crítico)
ZONA/SUBZONA: ZONA 9/SUMAPAZ | POSTE: #14 | CANTIDAD FOTOS: 3 (Crítico)
ZONA/SUBZONA: ZONA 11/LIMONAL | POSTE: #56 | CANTIDAD FOTOS: 3 (Crítico)
ZONA/SUBZONA: ZONA 9/SUMAPAZ | POSTE: #22 | CANTIDAD FOTOS: 1 (Crítico)
ZONA/SUBZONA: ZONA 9/SUMAPAZ | POSTE: #24 | CANTIDAD FOTOS: 3 (Crítico)
ZONA/SUBZONA: ZONA 9/SUMAPAZ | POSTE: #52 | CANTIDAD FOTOS: 3 (Crítico)
ZONA/SUBZONA: ZONA 9/SUMAPAZ | POSTE: #69 | CANTIDAD FOTOS: 2 (Crítico)
ZONA/SUBZONA: ZONA 9/SUMAPAZ | POSTE: #81 | CANTIDAD FOTOS: 2 (Crítico)
ZONA/SUBZONA: ZONA 9/SUMAPAZ | POSTE: #83 | CANTIDAD FOTOS: 2 (Crítico)
ZONA/SUBZONA: ZONA 9/SUMAPAZ | POSTE: #84 | CANTIDAD FOTOS: 1 (Crítico)
ZONA/SUBZONA: ZONA 9/SUMAPAZ | POSTE: #161 | CANTIDAD FOTOS: 2 (Crítico)
ZONA/SUBZONA: ZONA 9/SUMAPAZ | POSTE: #193 | CANTIDAD FOTOS: 2 (Crítico)
ZONA/SUBZONA: ZONA 9/SUMAPAZ | POSTE: #206 | CANTIDAD FOTOS: 2 (Crítico)
ZONA/SUBZONA: ZONA 9/SUMAPAZ | POSTE: #209 | CANTIDAD FOTOS: 3 (Crítico)
ZONA/SUBZONA: ZONA 9/SUMAPAZ | POSTE: #216 | CANTIDAD FOTOS: 2 (Crítico)
ZONA/SUBZONA: ZONA 9/SUMAPAZ | POSTE: #227 | CANTIDAD FOTOS: 3 (Crítico)
ZONA/SUBZONA: ZONA 9/SUMAPAZ | POSTE: #228 | CANTIDAD FOTOS: 1 (Crítico)
ZONA/SUBZONA: ZONA 9/SUMAPAZ | POSTE: #242 | CANTIDAD FOTOS: 2 (Crítico)
ZONA/SUBZONA: ZONA 9/SUMAPAZ | POSTE: #251 | CANTIDAD FOTOS: 2 (Crítico)
ZONA/SUBZONA: ZONA 9/SUMAPAZ | POSTE: #255 | CANTIDAD FOTOS: 1 (Crítico)
ZONA/SUBZONA: ZONA 9/SUMAPAZ | POSTE: #276 | CANTIDAD FOTOS: 2 (Crítico)
ZONA/SUBZONA: ZONA 9/SUMAPAZ | POSTE: #277 | CANTIDAD FOTOS: 1 (Crítico)
ZONA/SUBZONA: ZONA 9/SUMAPAZ | POSTE: #288 | CANTIDAD FOTOS: 1 (Crítico)
ZONA/SUBZONA: ZONA 9/SUMAPAZ | POSTE: #308 | CANTIDAD FOTOS: 2 (Crítico)
ZONA/SUBZONA: ZONA 9/SUMAPAZ | POSTE: #324 | CANTIDAD FOTOS: 1 (Crítico)
ZONA/SUBZONA: ZONA 9/SUMAPAZ | POSTE: #326 | CANTIDAD FOTOS: 3 (Crítico)
ZONA/SUBZONA: ZONA 9/SUMAPAZ | POSTE: #328 | CANTIDAD FOTOS: 2 (Crítico)
ZONA/SUBZONA: ZONA 9/SUMAPAZ | POSTE: #329 | CANTIDAD FOTOS: 3 (Crítico)
ZONA/SUBZONA: ZONA 9/SUMAPAZ | POSTE: #330 | CANTIDAD FOTOS: 2 (Crítico)
ZONA/SUBZONA: ZONA 9/SUMAPAZ | POSTE: #337 | CANTIDAD FOTOS: 1 (Crítico)
ZONA/SUBZONA: ZONA 9/SUMAPAZ | POSTE: #339 | CANTIDAD FOTOS: 2 (Crítico)
ZONA/SUBZONA: ZONA 9/SUMAPAZ | POSTE: #341 | CANTIDAD FOTOS: 1 (Crítico)
ZONA/SUBZONA: ZONA 9/SUMAPAZ | POSTE: #342 | CANTIDAD FOTOS: 2 (Crítico)
ZONA/SUBZONA: ZONA 9/SUMAPAZ | POSTE: #345 | CANTIDAD FOTOS: 2 (Crítico)
ZONA/SUBZONA: ZONA 9/SUMAPAZ | POSTE: #346 | CANTIDAD FOTOS: 1 (Crítico)
ZONA/SUBZONA: CHIPAQUE | POSTE: #41 | CANTIDAD FOTOS: 3 (Crítico)
ZONA/SUBZONA: CHIPAQUE | POSTE: #64 | CANTIDAD FOTOS: 1 (Crítico)
ZONA/SUBZONA: CHIPAQUE | POSTE: #65 | CANTIDAD FOTOS: 1 (Crítico)
ZONA/SUBZONA: CHIPAQUE | POSTE: #66 | CANTIDAD FOTOS: 2 (Crítico)
ZONA/SUBZONA: CHIPAQUE | POSTE: #67 | CANTIDAD FOTOS: 1 (Crítico)
ZONA/SUBZONA: CHIPAQUE | POSTE: #90 | CANTIDAD FOTOS: 3 (Crítico)
ZONA/SUBZONA: CHIPAQUE | POSTE: #186 | CANTIDAD FOTOS: 2 (Crítico)
ZONA/SUBZONA: CHIPAQUE | POSTE: #246 | CANTIDAD FOTOS: 1 (Crítico)
ZONA/SUBZONA: CHIPAQUE | POSTE: #41 | CANTIDAD FOTOS: 3 (Crítico)
ZONA/SUBZONA: CHIPAQUE | POSTE: #64 | CANTIDAD FOTOS: 1 (Crítico)
ZONA/SUBZONA: CHIPAQUE | POSTE: #65 | CANTIDAD FOTOS: 1 (Crítico)
ZONA/SUBZONA: CHIPAQUE | POSTE: #66 | CANTIDAD FOTOS: 2 (Crítico)
ZONA/SUBZONA: CHIPAQUE | POSTE: #67 | CANTIDAD FOTOS: 1 (Crítico)
ZONA/SUBZONA: CHIPAQUE | POSTE: #90 | CANTIDAD FOTOS: 3 (Crítico)
ZONA/SUBZONA: CHIPAQUE | POSTE: #186 | CANTIDAD FOTOS: 2 (Crítico)
ZONA/SUBZONA: CHIPAQUE | POSTE: #246 | CANTIDAD FOTOS: 1 (Crítico)
ZONA/SUBZONA: CHIPAQUE | POSTE: #347 | CANTIDAD FOTOS: 3 (Crítico)
ZONA/SUBZONA: CHIPAQUE | POSTE: #389 | CANTIDAD FOTOS: 2 (Crítico)
ZONA/SUBZONA: CHIPAQUE | POSTE: #392 | CANTIDAD FOTOS: 3 (Crítico)
ZONA/SUBZONA: CHIPAQUE | POSTE: #417 | CANTIDAD FOTOS: 1 (Crítico)
ZONA/SUBZONA: CHIPAQUE | POSTE: #430 | CANTIDAD FOTOS: 3 (Crítico)
ZONA/SUBZONA: CHIPAQUE | POSTE: #464 | CANTIDAD FOTOS: 3 (Crítico)
ZONA/SUBZONA: CHIPAQUE | POSTE: #495 | CANTIDAD FOTOS: 2 (Crítico)
ZONA/SUBZONA: CHIPAQUE | POSTE: #496 | CANTIDAD FOTOS: 1 (Crítico)
ZONA/SUBZONA: CHIPAQUE | POSTE: #504 | CANTIDAD FOTOS: 2 (Crítico)
ZONA/SUBZONA: CHIPAQUE | POSTE: #516 | CANTIDAD FOTOS: 3 (Crítico)
ZONA/SUBZONA: CHIPAQUE | POSTE: #517 | CANTIDAD FOTOS: 3 (Crítico)
ZONA/SUBZONA: CHIPAQUE | POSTE: #520 | CANTIDAD FOTOS: 2 (Crítico)
ZONA/SUBZONA: CHIPAQUE | POSTE: #521 | CANTIDAD FOTOS: 2 (Crítico)
ZONA/SUBZONA: CHIPAQUE | POSTE: #522 | CANTIDAD FOTOS: 2 (Crítico)
ZONA/SUBZONA: CHIPAQUE | POSTE: #523 | CANTIDAD FOTOS: 1 (Crítico)
ZONA/SUBZONA: CHIPAQUE | POSTE: #524 | CANTIDAD FOTOS: 2 (Crítico)
ZONA/SUBZONA: CHIPAQUE | POSTE: #526 | CANTIDAD FOTOS: 2 (Crítico)
ZONA/SUBZONA: CHIPAQUE | POSTE: #535 | CANTIDAD FOTOS: 2 (Crítico)
ZONA/SUBZONA: CHIPAQUE | POSTE: #536 | CANTIDAD FOTOS: 1 (Crítico)
ZONA/SUBZONA: CHIPAQUE | POSTE: #537 | CANTIDAD FOTOS: 1 (Crítico)
ZONA/SUBZONA: CHIPAQUE | POSTE: #556 | CANTIDAD FOTOS: 1 (Crítico)
ZONA/SUBZONA: CHIPAQUE | POSTE: #558 | CANTIDAD FOTOS: 2 (Crítico)
ZONA/SUBZONA: CHIPAQUE | POSTE: #559 | CANTIDAD FOTOS: 1 (Crítico)
ZONA/SUBZONA: CHIPAQUE | POSTE: #561 | CANTIDAD FOTOS: 2 (Crítico)
ZONA/SUBZONA: CHIPAQUE | POSTE: #562 | CANTIDAD FOTOS: 2 (Crítico)
ZONA/SUBZONA: CHIPAQUE | POSTE: #563 | CANTIDAD FOTOS: 1 (Crítico)
ZONA/SUBZONA: CHIPAQUE | POSTE: #565 | CANTIDAD FOTOS: 2 (Crítico)
ZONA/SUBZONA: CHIPAQUE | POSTE: #590 | CANTIDAD FOTOS: 1 (Crítico)
ZONA/SUBZONA: CHIPAQUE | POSTE: #591 | CANTIDAD FOTOS: 1 (Crítico)
ZONA/SUBZONA: CHIPAQUE | POSTE: #592 | CANTIDAD FOTOS: 1 (Crítico)
ZONA/SUBZONA: HUMEA | POSTE: #30 | CANTIDAD FOTOS: 2 (Crítico)
ZONA/SUBZONA: HUMEA | POSTE: #32 | CANTIDAD FOTOS: 2 (Crítico)
ZONA/SUBZONA: HUMEA | POSTE: #143 | CANTIDAD FOTOS: 2 (Crítico)
ZONA/SUBZONA: HUMEA | POSTE: #264 | CANTIDAD FOTOS: 1 (Crítico)
ZONA/SUBZONA: HUMEA | POSTE: #265 | CANTIDAD FOTOS: 3 (Crítico)
ZONA/SUBZONA: HUMEA | POSTE: #295 | CANTIDAD FOTOS: 1 (Crítico)
ZONA/SUBZONA: HUMEA | POSTE: #337 | CANTIDAD FOTOS: 1 (Crítico)
ZONA/SUBZONA: HUMEA | POSTE: #338 | CANTIDAD FOTOS: 3 (Crítico)
ZONA/SUBZONA: HUMEA | POSTE: #349 | CANTIDAD FOTOS: 2 (Crítico)
ZONA/SUBZONA: HUMEA | POSTE: #373 | CANTIDAD FOTOS: 3 (Crítico)
ZONA/SUBZONA: HUMEA | POSTE: #374 | CANTIDAD FOTOS: 2 (Crítico)
ZONA/SUBZONA: HUMEA | POSTE: #375 | CANTIDAD FOTOS: 2 (Crítico)
ZONA/SUBZONA: HUMEA | POSTE: #376 | CANTIDAD FOTOS: 1 (Crítico)
ZONA/SUBZONA: HUMEA | POSTE: #377 | CANTIDAD FOTOS: 3 (Crítico)
ZONA/SUBZONA: HUMEA | POSTE: #504 | CANTIDAD FOTOS: 1 (Crítico)
ZONA/SUBZONA: HUMEA | POSTE: #512 | CANTIDAD FOTOS: 1 (Crítico)
ZONA/SUBZONA: HUMEA | POSTE: #514 | CANTIDAD FOTOS: 1 (Crítico)
ZONA/SUBZONA: CHIPAQUE | POSTE: #649 | CANTIDAD FOTOS: 3 (Crítico)
ZONA/SUBZONA: CHIPAQUE | POSTE: #720 | CANTIDAD FOTOS: 1 (Crítico)
ZONA/SUBZONA: CHIPAQUE | POSTE: #852 | CANTIDAD FOTOS: 3 (Crítico)
ZONA/SUBZONA: CHIPAQUE | POSTE: #856 | CANTIDAD FOTOS: 3 (Crítico)
ZONA/SUBZONA: CHIPAQUE | POSTE: #865 | CANTIDAD FOTOS: 1 (Crítico)
